<?xml version="1.0" encoding="UTF-8"?>
<testng-results skipped="0" failed="0" ignored="0" total="1" passed="1">
  <reporter-output>
    <line>
      <![CDATA[start execute]]>
    </line>
  </reporter-output>
  <suite name="Suite" duration-ms="20500" started-at="2020-07-28T14:56:46Z" finished-at="2020-07-28T14:57:06Z">
    <groups>
    </groups>
    <test name="Test" duration-ms="20500" started-at="2020-07-28T14:56:46Z" finished-at="2020-07-28T14:57:06Z">
      <class name="test.testclassfb">
        <test-method status="PASS" signature="openbrowser()[pri:0, instance:test.testclassfb@544a2ea6]" name="openbrowser" is-config="true" duration-ms="14863" started-at="2020-07-28T14:56:46Z" finished-at="2020-07-28T14:57:01Z">
          <reporter-output>
          </reporter-output>
        </test-method> <!-- openbrowser -->
        <test-method status="PASS" signature="start()[pri:0, instance:test.testclassfb@544a2ea6]" name="start" is-config="true" duration-ms="2" started-at="2020-07-28T14:57:01Z" finished-at="2020-07-28T14:57:01Z">
          <reporter-output>
            <line>
              <![CDATA[start execute]]>
            </line>
          </reporter-output>
        </test-method> <!-- start -->
        <test-method status="PASS" signature="facebook()[pri:0, instance:test.testclassfb@544a2ea6]" name="facebook" duration-ms="5549" started-at="2020-07-28T14:57:01Z" finished-at="2020-07-28T14:57:06Z">
          <reporter-output>
          </reporter-output>
        </test-method> <!-- facebook -->
        <test-method status="PASS" signature="closebrowser()[pri:0, instance:test.testclassfb@544a2ea6]" name="closebrowser" is-config="true" duration-ms="0" started-at="2020-07-28T14:57:06Z" finished-at="2020-07-28T14:57:06Z">
          <reporter-output>
          </reporter-output>
        </test-method> <!-- closebrowser -->
      </class> <!-- test.testclassfb -->
    </test> <!-- Test -->
  </suite> <!-- Suite -->
</testng-results>
